[2026-02-27 15:38:27] ============================================
[2026-02-27 15:38:27] Starting Cross-Tool Coverage Analysis
[2026-02-27 15:38:27] N_ITERATIONS = 100
[2026-02-27 15:38:27] ============================================
[2026-02-27 15:38:28] --- Iteration 1 / 100 ---
[2026-02-27 15:40:04]   Saved incremental results ( 1  rows).
[2026-02-27 15:40:04] --- Iteration 2 / 100 ---
[2026-02-27 15:42:01]   Saved incremental results ( 2  rows).
[2026-02-27 15:42:01] --- Iteration 3 / 100 ---
[2026-02-27 15:43:44]   Saved incremental results ( 3  rows).
[2026-02-27 15:43:44] --- Iteration 4 / 100 ---
[2026-02-27 15:45:41]   Saved incremental results ( 4  rows).
[2026-02-27 15:45:41] --- Iteration 5 / 100 ---
[2026-02-27 15:47:24]   Saved incremental results ( 5  rows).
[2026-02-27 15:47:24] --- Iteration 6 / 100 ---
[2026-02-27 15:49:09]   Saved incremental results ( 6  rows).
[2026-02-27 15:49:09] --- Iteration 7 / 100 ---
[2026-02-27 15:50:53]   Saved incremental results ( 7  rows).
[2026-02-27 15:50:53] --- Iteration 8 / 100 ---
[2026-02-27 15:52:36]   Saved incremental results ( 8  rows).
[2026-02-27 15:52:36] --- Iteration 9 / 100 ---
[2026-02-27 15:54:05]   Saved incremental results ( 9  rows).
[2026-02-27 15:54:05] --- Iteration 10 / 100 ---
[2026-02-27 15:55:38]   Saved incremental results ( 10  rows).
[2026-02-27 15:55:38] --- Iteration 11 / 100 ---
[2026-02-27 15:57:06]   Saved incremental results ( 11  rows).
[2026-02-27 15:57:06] --- Iteration 12 / 100 ---
[2026-02-27 15:58:38]   Saved incremental results ( 12  rows).
[2026-02-27 15:58:38] --- Iteration 13 / 100 ---
[2026-02-27 16:00:07]   Saved incremental results ( 13  rows).
[2026-02-27 16:00:07] --- Iteration 14 / 100 ---
[2026-02-27 16:01:41]   Saved incremental results ( 14  rows).
[2026-02-27 16:01:41] --- Iteration 15 / 100 ---
[2026-02-27 16:03:21]   Saved incremental results ( 15  rows).
[2026-02-27 16:03:21] --- Iteration 16 / 100 ---
[2026-02-27 16:05:17]   Saved incremental results ( 16  rows).
[2026-02-27 16:05:17] --- Iteration 17 / 100 ---
[2026-02-27 16:12:31] ============================================
[2026-02-27 16:12:31] Starting Cross-Tool Coverage Analysis
[2026-02-27 16:12:31] N_ITERATIONS = 100
[2026-02-27 16:12:31] ============================================
[2026-02-27 16:12:31] --- Iteration 1 / 100 ---
[2026-02-27 16:13:42] ============================================
[2026-02-27 16:13:42] Starting Cross-Tool Coverage Analysis
[2026-02-27 16:13:42] N_ITERATIONS = 100
[2026-02-27 16:13:42] ============================================
[2026-02-27 16:13:42] Resuming from iteration 17
[2026-02-27 16:13:42] --- Iteration 17 / 100 ---
[2026-02-27 16:15:12] ============================================
[2026-02-27 16:15:12] Starting Cross-Tool Coverage Analysis
[2026-02-27 16:15:12] N_ITERATIONS = 100
[2026-02-27 16:15:12] ============================================
[2026-02-27 16:15:12] Resuming from iteration 17
[2026-02-27 16:15:12] --- Iteration 17 / 100 ---
[2026-02-27 16:15:39]   Saved incremental results ( 17  rows).
[2026-02-27 16:15:39] --- Iteration 18 / 100 ---
[2026-02-27 16:16:51] ============================================
[2026-02-27 16:16:51] Starting Cross-Tool Coverage Analysis
[2026-02-27 16:16:51] N_ITERATIONS = 100
[2026-02-27 16:16:51] ============================================
[2026-02-27 16:16:51] Resuming from iteration 18
[2026-02-27 16:16:51] --- Iteration 18 / 100 ---
[2026-02-27 16:17:20]   Saved incremental results ( 17  rows).
[2026-02-27 16:17:20] --- Iteration 18 / 100 ---
[2026-02-27 16:17:51]   Saved incremental results ( 18  rows).
[2026-02-27 16:17:51] --- Iteration 19 / 100 ---
[2026-02-27 16:19:30]   Saved incremental results ( 18  rows).
[2026-02-27 16:19:30] --- Iteration 19 / 100 ---
[2026-02-27 16:20:00]   Saved incremental results ( 18  rows).
[2026-02-27 16:20:00] --- Iteration 19 / 100 ---
[2026-02-27 16:20:40]   Saved incremental results ( 19  rows).
[2026-02-27 16:20:40] --- Iteration 20 / 100 ---
[2026-02-27 16:22:07]   Saved incremental results ( 19  rows).
[2026-02-27 16:22:07] --- Iteration 20 / 100 ---
[2026-02-27 16:28:37] ============================================
[2026-02-27 16:28:37] Starting Cross-Tool Coverage Analysis
[2026-02-27 16:28:37] N_ITERATIONS = 100
[2026-02-27 16:28:37] ============================================
[2026-02-27 16:28:37] Resuming from iteration 20
[2026-02-27 16:28:38] --- Iteration 20 / 100 ---
[2026-02-27 16:29:56] ============================================
[2026-02-27 16:29:56] Starting Cross-Tool Coverage Analysis
[2026-02-27 16:29:56] N_ITERATIONS = 100
[2026-02-27 16:29:56] ============================================
[2026-02-27 16:29:56] Resuming from iteration 20
[2026-02-27 16:29:57] --- Iteration 20 / 100 ---
[2026-02-27 16:30:04] ============================================
[2026-02-27 16:30:04] Starting Cross-Tool Coverage Analysis
[2026-02-27 16:30:04] N_ITERATIONS = 100
[2026-02-27 16:30:04] ============================================
[2026-02-27 16:30:04] Resuming from iteration 20
[2026-02-27 16:30:05] --- Iteration 20 / 100 ---
[2026-02-27 16:30:53] ============================================
[2026-02-27 16:30:53] Starting Cross-Tool Coverage Analysis
[2026-02-27 16:30:53] N_ITERATIONS = 100
[2026-02-27 16:30:53] ============================================
[2026-02-27 16:30:53] Resuming from iteration 20
[2026-02-27 16:30:53] --- Iteration 20 / 100 ---
[2026-02-27 16:30:58] ============================================
[2026-02-27 16:30:58] ============================================
[2026-02-27 16:30:58] Starting Cross-Tool Coverage Analysis
[2026-02-27 16:30:58] Starting Cross-Tool Coverage Analysis
[2026-02-27 16:30:58] N_ITERATIONS = 100
[2026-02-27 16:30:58] N_ITERATIONS = 100
[2026-02-27 16:30:58] ============================================
[2026-02-27 16:30:58] ============================================
[2026-02-27 16:30:58] Resuming from iteration 20
[2026-02-27 16:30:58] Resuming from iteration 20
[2026-02-27 16:30:59] --- Iteration 20 / 100 ---
[2026-02-27 16:30:59] --- Iteration 20 / 100 ---
[2026-02-27 16:33:14]   Saved incremental results ( 20  rows).
[2026-02-27 16:33:14] --- Iteration 21 / 100 ---
[2026-02-27 16:33:22]   Saved incremental results ( 20  rows).
[2026-02-27 16:33:22] --- Iteration 21 / 100 ---
[2026-02-27 16:33:22]   Saved incremental results ( 20  rows).
[2026-02-27 16:33:22] --- Iteration 21 / 100 ---
[2026-02-27 16:35:45]   Saved incremental results ( 21  rows).
[2026-02-27 16:35:45] --- Iteration 22 / 100 ---
[2026-02-27 16:35:55]   Saved incremental results ( 21  rows).
[2026-02-27 16:35:55] --- Iteration 22 / 100 ---
[2026-02-27 16:35:56]   Saved incremental results ( 21  rows).
[2026-02-27 16:35:56] --- Iteration 22 / 100 ---
[2026-02-27 16:38:32]   Saved incremental results ( 22  rows).
[2026-02-27 16:38:32] --- Iteration 23 / 100 ---
[2026-02-27 16:38:42]   Saved incremental results ( 22  rows).
[2026-02-27 16:38:42] --- Iteration 23 / 100 ---
[2026-02-27 16:38:44]   Saved incremental results ( 22  rows).
[2026-02-27 16:38:44] --- Iteration 23 / 100 ---
[2026-02-27 16:41:39]   Saved incremental results ( 23  rows).
[2026-02-27 16:41:39] --- Iteration 24 / 100 ---
[2026-02-27 16:41:54]   Saved incremental results ( 23  rows).
[2026-02-27 16:41:54] --- Iteration 24 / 100 ---
[2026-02-27 16:41:55]   Saved incremental results ( 23  rows).
[2026-02-27 16:41:55] --- Iteration 24 / 100 ---
[2026-02-27 16:44:31] ============================================
[2026-02-27 16:44:31] Starting Cross-Tool Coverage Analysis
[2026-02-27 16:44:31] N_ITERATIONS = 100
[2026-02-27 16:44:31] ============================================
[2026-02-27 16:44:31] Resuming from iteration 24
[2026-02-27 16:44:31] --- Iteration 24 / 100 ---
[2026-02-27 16:47:25]   Saved incremental results ( 24  rows).
[2026-02-27 16:47:25] --- Iteration 25 / 100 ---
[2026-02-27 16:50:06]   Saved incremental results ( 25  rows).
[2026-02-27 16:50:06] --- Iteration 26 / 100 ---
[2026-02-27 16:53:14]   Saved incremental results ( 26  rows).
[2026-02-27 16:53:14] --- Iteration 27 / 100 ---
[2026-02-27 16:56:19]   Saved incremental results ( 27  rows).
[2026-02-27 16:56:19] --- Iteration 28 / 100 ---
[2026-02-27 16:59:22]   Saved incremental results ( 28  rows).
[2026-02-27 16:59:22] --- Iteration 29 / 100 ---
[2026-02-27 17:04:38]   Saved incremental results ( 29  rows).
[2026-02-27 17:04:38] --- Iteration 30 / 100 ---
[2026-02-27 17:08:31]   Saved incremental results ( 30  rows).
[2026-02-27 17:08:31] --- Iteration 31 / 100 ---
[2026-02-27 17:13:02]   Saved incremental results ( 31  rows).
[2026-02-27 17:13:02] --- Iteration 32 / 100 ---
[2026-02-27 17:16:51]   Saved incremental results ( 32  rows).
[2026-02-27 17:16:51] --- Iteration 33 / 100 ---
[2026-02-27 17:20:34]   Saved incremental results ( 33  rows).
[2026-02-27 17:20:34] --- Iteration 34 / 100 ---
[2026-02-27 17:21:58] ============================================
[2026-02-27 17:21:58] Starting Cross-Tool Coverage Analysis
[2026-02-27 17:21:59] N_ITERATIONS = 100
[2026-02-27 17:21:59] ============================================
[2026-02-27 17:21:59] Resuming from iteration 34
[2026-02-27 17:21:59] --- Iteration 34 / 100 ---
[2026-02-27 17:22:37] ============================================
[2026-02-27 17:22:37] Starting Cross-Tool Coverage Analysis
[2026-02-27 17:22:37] N_ITERATIONS = 100
[2026-02-27 17:22:37] ============================================
[2026-02-27 17:22:37] Resuming from iteration 34
[2026-02-27 17:22:37] --- Iteration 34 / 100 ---
[2026-02-27 17:26:01]   Saved incremental results ( 34  rows).
[2026-02-27 17:26:01] --- Iteration 35 / 100 ---
[2026-02-27 17:26:36]   Saved incremental results ( 34  rows).
[2026-02-27 17:26:36] --- Iteration 35 / 100 ---
[2026-02-27 17:29:35]   Saved incremental results ( 35  rows).
[2026-02-27 17:29:35] --- Iteration 36 / 100 ---
[2026-02-27 17:30:11]   Saved incremental results ( 35  rows).
[2026-02-27 17:30:11] --- Iteration 36 / 100 ---
[2026-02-27 17:33:13]   Saved incremental results ( 36  rows).
[2026-02-27 17:33:13] --- Iteration 37 / 100 ---
[2026-02-27 17:33:39]   Saved incremental results ( 36  rows).
[2026-02-27 17:33:39] --- Iteration 37 / 100 ---
[2026-02-27 17:35:53]   Saved incremental results ( 37  rows).
[2026-02-27 17:35:53] --- Iteration 38 / 100 ---
[2026-02-27 17:36:21]   Saved incremental results ( 37  rows).
[2026-02-27 17:36:21] --- Iteration 38 / 100 ---
[2026-02-27 17:39:06]   Saved incremental results ( 38  rows).
[2026-02-27 17:39:06] --- Iteration 39 / 100 ---
[2026-02-27 17:40:57]   Saved incremental results ( 38  rows).
[2026-02-27 17:40:57] --- Iteration 39 / 100 ---
[2026-02-27 17:44:08]   Saved incremental results ( 39  rows).
[2026-02-27 17:44:08] --- Iteration 40 / 100 ---
[2026-02-27 17:44:32]   Saved incremental results ( 39  rows).
[2026-02-27 17:44:32] --- Iteration 40 / 100 ---
[2026-02-27 17:46:51]   Saved incremental results ( 40  rows).
[2026-02-27 17:46:51] --- Iteration 41 / 100 ---
[2026-02-27 17:47:12]   Saved incremental results ( 40  rows).
[2026-02-27 17:47:12] --- Iteration 41 / 100 ---
[2026-02-27 17:49:34]   Saved incremental results ( 41  rows).
[2026-02-27 17:49:34] --- Iteration 42 / 100 ---
[2026-02-27 17:49:56]   Saved incremental results ( 41  rows).
[2026-02-27 17:49:56] --- Iteration 42 / 100 ---
[2026-02-27 17:52:18]   Saved incremental results ( 42  rows).
[2026-02-27 17:52:18] --- Iteration 43 / 100 ---
[2026-02-27 17:52:38]   Saved incremental results ( 42  rows).
[2026-02-27 17:52:38] --- Iteration 43 / 100 ---
[2026-02-27 17:55:00]   Saved incremental results ( 43  rows).
[2026-02-27 17:55:00] --- Iteration 44 / 100 ---
[2026-02-27 17:55:20]   Saved incremental results ( 43  rows).
[2026-02-27 17:55:20] --- Iteration 44 / 100 ---
[2026-02-27 17:57:40]   Saved incremental results ( 44  rows).
[2026-02-27 17:57:40] --- Iteration 45 / 100 ---
[2026-02-27 17:57:58]   Saved incremental results ( 44  rows).
[2026-02-27 17:57:58] --- Iteration 45 / 100 ---
[2026-02-27 18:36:38]   Saved incremental results ( 45  rows).
[2026-02-27 18:36:38] --- Iteration 46 / 100 ---
[2026-02-27 18:36:55]   Saved incremental results ( 45  rows).
[2026-02-27 18:36:55] --- Iteration 46 / 100 ---
[2026-02-27 18:39:27]   Saved incremental results ( 46  rows).
[2026-02-27 18:39:27] --- Iteration 47 / 100 ---
[2026-02-27 18:39:37]   Saved incremental results ( 46  rows).
[2026-02-27 18:39:37] --- Iteration 47 / 100 ---
[2026-02-27 18:51:18]   Saved incremental results ( 47  rows).
[2026-02-27 18:51:18] --- Iteration 48 / 100 ---
[2026-02-27 19:06:29]   Saved incremental results ( 47  rows).
[2026-02-27 19:06:29] --- Iteration 48 / 100 ---
[2026-02-27 19:22:58]   Saved incremental results ( 48  rows).
[2026-02-27 19:22:58] --- Iteration 49 / 100 ---
[2026-02-27 19:23:06]   Saved incremental results ( 48  rows).
[2026-02-27 19:23:06] --- Iteration 49 / 100 ---
[2026-02-27 19:39:36]   Saved incremental results ( 49  rows).
[2026-02-27 19:39:36] --- Iteration 50 / 100 ---
[2026-02-27 19:39:44]   Saved incremental results ( 49  rows).
[2026-02-27 19:39:44] --- Iteration 50 / 100 ---
[2026-02-27 19:56:13]   Saved incremental results ( 50  rows).
[2026-02-27 19:56:13] --- Iteration 51 / 100 ---
[2026-02-27 19:56:21]   Saved incremental results ( 50  rows).
[2026-02-27 19:56:21] --- Iteration 51 / 100 ---
[2026-02-27 19:57:42]   Saved incremental results ( 51  rows).
[2026-02-27 19:57:42] --- Iteration 52 / 100 ---
[2026-02-27 19:57:52]   Saved incremental results ( 51  rows).
[2026-02-27 19:57:52] --- Iteration 52 / 100 ---
[2026-02-27 20:14:17]   Saved incremental results ( 52  rows).
[2026-02-27 20:14:17] --- Iteration 53 / 100 ---
[2026-02-27 20:14:26]   Saved incremental results ( 52  rows).
[2026-02-27 20:14:26] --- Iteration 53 / 100 ---
[2026-02-27 20:30:48]   Saved incremental results ( 53  rows).
[2026-02-27 20:30:48] --- Iteration 54 / 100 ---
[2026-02-27 20:30:57]   Saved incremental results ( 53  rows).
[2026-02-27 20:30:57] --- Iteration 54 / 100 ---
[2026-02-27 20:40:25]   Saved incremental results ( 54  rows).
[2026-02-27 20:40:25] --- Iteration 55 / 100 ---
[2026-02-27 20:40:34]   Saved incremental results ( 54  rows).
[2026-02-27 20:40:34] --- Iteration 55 / 100 ---
[2026-02-27 20:45:26]   Saved incremental results ( 55  rows).
[2026-02-27 20:45:26] --- Iteration 56 / 100 ---
[2026-02-27 20:45:35]   Saved incremental results ( 55  rows).
[2026-02-27 20:45:35] --- Iteration 56 / 100 ---
[2026-02-27 20:50:32]   Saved incremental results ( 56  rows).
[2026-02-27 20:50:32] --- Iteration 57 / 100 ---
[2026-02-27 20:50:41]   Saved incremental results ( 56  rows).
[2026-02-27 20:50:41] --- Iteration 57 / 100 ---
[2026-02-27 20:55:28]   Saved incremental results ( 57  rows).
[2026-02-27 20:55:28] --- Iteration 58 / 100 ---
[2026-02-27 20:55:37]   Saved incremental results ( 57  rows).
[2026-02-27 20:55:37] --- Iteration 58 / 100 ---
[2026-02-27 21:00:27]   Saved incremental results ( 58  rows).
[2026-02-27 21:00:27] --- Iteration 59 / 100 ---
[2026-02-27 21:00:36]   Saved incremental results ( 58  rows).
[2026-02-27 21:00:36] --- Iteration 59 / 100 ---
[2026-02-27 21:18:28]   Saved incremental results ( 59  rows).
[2026-02-27 21:18:28] --- Iteration 60 / 100 ---
[2026-02-27 21:18:37]   Saved incremental results ( 59  rows).
[2026-02-27 21:18:37] --- Iteration 60 / 100 ---
[2026-02-27 21:35:40]   Saved incremental results ( 60  rows).
[2026-02-27 21:35:40] --- Iteration 61 / 100 ---
[2026-02-27 21:35:48]   Saved incremental results ( 60  rows).
[2026-02-27 21:35:48] --- Iteration 61 / 100 ---
[2026-02-27 21:41:26]   Saved incremental results ( 61  rows).
[2026-02-27 21:41:26] --- Iteration 62 / 100 ---
[2026-02-27 21:41:34]   Saved incremental results ( 61  rows).
[2026-02-27 21:41:34] --- Iteration 62 / 100 ---
[2026-02-27 21:58:47]   Saved incremental results ( 62  rows).
[2026-02-27 21:58:47] --- Iteration 63 / 100 ---
[2026-02-27 21:58:54]   Saved incremental results ( 62  rows).
[2026-02-27 21:58:54] --- Iteration 63 / 100 ---
[2026-02-27 22:16:15]   Saved incremental results ( 63  rows).
[2026-02-27 22:16:15] --- Iteration 64 / 100 ---
[2026-02-27 22:16:21]   Saved incremental results ( 63  rows).
[2026-02-27 22:16:21] --- Iteration 64 / 100 ---
[2026-02-27 22:34:33]   Saved incremental results ( 64  rows).
[2026-02-27 22:34:33] --- Iteration 65 / 100 ---
[2026-02-27 22:34:39]   Saved incremental results ( 64  rows).
[2026-02-27 22:34:39] --- Iteration 65 / 100 ---
[2026-02-27 22:36:09]   Saved incremental results ( 65  rows).
[2026-02-27 22:36:09] --- Iteration 66 / 100 ---
[2026-02-27 22:36:14]   Saved incremental results ( 65  rows).
[2026-02-27 22:36:14] --- Iteration 66 / 100 ---
[2026-02-27 22:42:35]   Saved incremental results ( 66  rows).
[2026-02-27 22:42:35] --- Iteration 67 / 100 ---
[2026-02-27 22:42:40]   Saved incremental results ( 66  rows).
[2026-02-27 22:42:40] --- Iteration 67 / 100 ---
[2026-02-27 22:59:43]   Saved incremental results ( 67  rows).
[2026-02-27 22:59:43] --- Iteration 68 / 100 ---
[2026-02-27 22:59:48]   Saved incremental results ( 67  rows).
[2026-02-27 22:59:48] --- Iteration 68 / 100 ---
[2026-02-27 23:01:18]   Saved incremental results ( 68  rows).
[2026-02-27 23:01:18] --- Iteration 69 / 100 ---
[2026-02-27 23:01:24]   Saved incremental results ( 68  rows).
[2026-02-27 23:01:24] --- Iteration 69 / 100 ---
[2026-02-27 23:02:59]   Saved incremental results ( 69  rows).
[2026-02-27 23:02:59] --- Iteration 70 / 100 ---
[2026-02-27 23:03:05]   Saved incremental results ( 69  rows).
[2026-02-27 23:03:05] --- Iteration 70 / 100 ---
[2026-02-27 23:19:55]   Saved incremental results ( 70  rows).
[2026-02-27 23:19:55] --- Iteration 71 / 100 ---
[2026-02-27 23:19:59]   Saved incremental results ( 70  rows).
[2026-02-27 23:19:59] --- Iteration 71 / 100 ---
[2026-02-27 23:36:28]   Saved incremental results ( 71  rows).
[2026-02-27 23:36:28] --- Iteration 72 / 100 ---
[2026-02-27 23:36:32]   Saved incremental results ( 71  rows).
[2026-02-27 23:36:32] --- Iteration 72 / 100 ---
[2026-02-27 23:43:33]   Saved incremental results ( 72  rows).
[2026-02-27 23:43:33] --- Iteration 73 / 100 ---
[2026-02-27 23:43:37]   Saved incremental results ( 72  rows).
[2026-02-27 23:43:37] --- Iteration 73 / 100 ---
[2026-02-28 00:00:37]   Saved incremental results ( 73  rows).
[2026-02-28 00:00:37] --- Iteration 74 / 100 ---
[2026-02-28 00:00:40]   Saved incremental results ( 73  rows).
[2026-02-28 00:00:40] --- Iteration 74 / 100 ---
[2026-02-28 00:18:19]   Saved incremental results ( 74  rows).
[2026-02-28 00:18:19] --- Iteration 75 / 100 ---
[2026-02-28 00:18:23]   Saved incremental results ( 74  rows).
[2026-02-28 00:18:23] --- Iteration 75 / 100 ---
[2026-02-28 00:19:49]   Saved incremental results ( 75  rows).
[2026-02-28 00:19:49] --- Iteration 76 / 100 ---
[2026-02-28 00:19:54]   Saved incremental results ( 75  rows).
[2026-02-28 00:19:54] --- Iteration 76 / 100 ---
[2026-02-28 00:21:30]   Saved incremental results ( 76  rows).
[2026-02-28 00:21:30] --- Iteration 77 / 100 ---
[2026-02-28 00:21:35]   Saved incremental results ( 76  rows).
[2026-02-28 00:21:35] --- Iteration 77 / 100 ---
[2026-02-28 00:23:16]   Saved incremental results ( 77  rows).
[2026-02-28 00:23:16] --- Iteration 78 / 100 ---
[2026-02-28 00:23:20]   Saved incremental results ( 77  rows).
[2026-02-28 00:23:20] --- Iteration 78 / 100 ---
[2026-02-28 00:24:56]   Saved incremental results ( 78  rows).
[2026-02-28 00:24:56] --- Iteration 79 / 100 ---
[2026-02-28 00:25:01]   Saved incremental results ( 78  rows).
[2026-02-28 00:25:01] --- Iteration 79 / 100 ---
[2026-02-28 00:26:41]   Saved incremental results ( 79  rows).
[2026-02-28 00:26:41] --- Iteration 80 / 100 ---
[2026-02-28 00:26:46]   Saved incremental results ( 79  rows).
[2026-02-28 00:26:46] --- Iteration 80 / 100 ---
[2026-02-28 00:28:27]   Saved incremental results ( 80  rows).
[2026-02-28 00:28:27] --- Iteration 81 / 100 ---
[2026-02-28 00:28:31]   Saved incremental results ( 80  rows).
[2026-02-28 00:28:31] --- Iteration 81 / 100 ---
[2026-02-28 00:30:03]   Saved incremental results ( 81  rows).
[2026-02-28 00:30:03] --- Iteration 82 / 100 ---
[2026-02-28 00:30:06]   Saved incremental results ( 81  rows).
[2026-02-28 00:30:06] --- Iteration 82 / 100 ---
[2026-02-28 00:31:47]   Saved incremental results ( 82  rows).
[2026-02-28 00:31:47] --- Iteration 83 / 100 ---
[2026-02-28 00:31:50]   Saved incremental results ( 82  rows).
[2026-02-28 00:31:50] --- Iteration 83 / 100 ---
[2026-02-28 00:33:33]   Saved incremental results ( 83  rows).
[2026-02-28 00:33:33] --- Iteration 84 / 100 ---
[2026-02-28 00:33:36]   Saved incremental results ( 83  rows).
[2026-02-28 00:33:36] --- Iteration 84 / 100 ---
[2026-02-28 00:35:19]   Saved incremental results ( 84  rows).
[2026-02-28 00:35:19] --- Iteration 85 / 100 ---
[2026-02-28 00:35:21]   Saved incremental results ( 84  rows).
[2026-02-28 00:35:21] --- Iteration 85 / 100 ---
[2026-02-28 00:37:01]   Saved incremental results ( 85  rows).
[2026-02-28 00:37:01] --- Iteration 86 / 100 ---
[2026-02-28 00:37:02]   Saved incremental results ( 85  rows).
[2026-02-28 00:37:02] --- Iteration 86 / 100 ---
[2026-02-28 00:44:44]   Saved incremental results ( 86  rows).
[2026-02-28 00:44:44] --- Iteration 87 / 100 ---
[2026-02-28 00:44:45]   Saved incremental results ( 86  rows).
[2026-02-28 00:44:45] --- Iteration 87 / 100 ---
[2026-02-28 01:02:06]   Saved incremental results ( 87  rows).
[2026-02-28 01:02:06] --- Iteration 88 / 100 ---
[2026-02-28 01:02:07]   Saved incremental results ( 87  rows).
[2026-02-28 01:02:07] --- Iteration 88 / 100 ---
[2026-02-28 01:19:25]   Saved incremental results ( 88  rows).
[2026-02-28 01:19:25] --- Iteration 89 / 100 ---
[2026-02-28 01:19:26]   Saved incremental results ( 88  rows).
[2026-02-28 01:19:26] --- Iteration 89 / 100 ---
[2026-02-28 01:21:04]   Saved incremental results ( 89  rows).
[2026-02-28 01:21:04] --- Iteration 90 / 100 ---
[2026-02-28 01:21:04]   Saved incremental results ( 89  rows).
[2026-02-28 01:21:04] --- Iteration 90 / 100 ---
[2026-02-28 01:26:42]   Saved incremental results ( 90  rows).
[2026-02-28 01:26:42] --- Iteration 91 / 100 ---
[2026-02-28 01:26:42]   Saved incremental results ( 90  rows).
[2026-02-28 01:26:42] --- Iteration 91 / 100 ---
[2026-02-28 01:37:29]   Saved incremental results ( 91  rows).
[2026-02-28 01:37:29] --- Iteration 92 / 100 ---
[2026-02-28 01:37:30]   Saved incremental results ( 91  rows).
[2026-02-28 01:37:30] --- Iteration 92 / 100 ---
[2026-02-28 01:39:17]   Saved incremental results ( 92  rows).
[2026-02-28 01:39:17] --- Iteration 93 / 100 ---
[2026-02-28 01:39:17]   Saved incremental results ( 92  rows).
[2026-02-28 01:39:17] --- Iteration 93 / 100 ---
[2026-02-28 01:40:52]   Saved incremental results ( 93  rows).
[2026-02-28 01:40:53] --- Iteration 94 / 100 ---
[2026-02-28 01:40:53]   Saved incremental results ( 93  rows).
[2026-02-28 01:40:53] --- Iteration 94 / 100 ---
[2026-02-28 01:42:40]   Saved incremental results ( 94  rows).
[2026-02-28 01:42:40] --- Iteration 95 / 100 ---
[2026-02-28 01:42:41]   Saved incremental results ( 94  rows).
[2026-02-28 01:42:41] --- Iteration 95 / 100 ---
[2026-02-28 01:44:30]   Saved incremental results ( 95  rows).
[2026-02-28 01:44:30] --- Iteration 96 / 100 ---
[2026-02-28 01:44:32]   Saved incremental results ( 95  rows).
[2026-02-28 01:44:32] --- Iteration 96 / 100 ---
[2026-02-28 01:46:20]   Saved incremental results ( 96  rows).
[2026-02-28 01:46:20] --- Iteration 97 / 100 ---
[2026-02-28 01:46:22]   Saved incremental results ( 96  rows).
[2026-02-28 01:46:22] --- Iteration 97 / 100 ---
[2026-02-28 01:48:07]   Saved incremental results ( 97  rows).
[2026-02-28 01:48:07] --- Iteration 98 / 100 ---
[2026-02-28 01:48:09]   Saved incremental results ( 97  rows).
[2026-02-28 01:48:09] --- Iteration 98 / 100 ---
[2026-02-28 01:49:48]   Saved incremental results ( 98  rows).
[2026-02-28 01:49:48] --- Iteration 99 / 100 ---
[2026-02-28 01:49:50]   Saved incremental results ( 98  rows).
[2026-02-28 01:49:50] --- Iteration 99 / 100 ---
[2026-02-28 01:51:40]   Saved incremental results ( 99  rows).
[2026-02-28 01:51:40] --- Iteration 100 / 100 ---
[2026-02-28 01:51:44]   Saved incremental results ( 99  rows).
[2026-02-28 01:51:44] --- Iteration 100 / 100 ---
[2026-02-28 01:53:28]   Saved incremental results ( 100  rows).
[2026-02-28 01:53:28] === Computing Final Summary ===
[2026-02-28 01:53:28] Final summary written to coverage_summary_final.csv
[2026-02-28 01:53:30]   Saved incremental results ( 100  rows).
[2026-02-28 01:53:30] === Computing Final Summary ===
[2026-02-28 01:53:30] Final summary written to coverage_summary_final.csv
